[sp18.datastructur.es/index.html]
[backblue.gif]
[fade.gif]
[index.html]
[sp18.datastructur.es/assets/images/josh4.png]
[sp18.datastructur.es/assets/css/common.css]
[sp18.datastructur.es/assets/css/font-awesome.min.css]
[sp18.datastructur.es/assets/css/sunburst.css]
[sp18.datastructur.es/assets/css/index.css]
[sp18.datastructur.es/assets/css/fullcalendar.min.css]
[sp18.datastructur.es/assets/css/calendar.css]
[sp18.datastructur.es/assets/css/jquery.qtip.min.css]
[sp18.datastructur.es/assets/js/jquery.min.js]
[sp18.datastructur.es/assets/js/script.js]
[sp18.datastructur.es/assets/js/cheet.min.js]
[sp18.datastructur.es/assets/js/jquery.qtip.min.js]
[sp18.datastructur.es/assets/js/moment.min.js]
[sp18.datastructur.es/assets/js/fullcalendar.min.js]
[sp18.datastructur.es/index-2.html]
[sp18.datastructur.es/about.html]
[sp18.datastructur.es/staff.html]
[sp18.datastructur.es/resources.html]
[sp18.datastructur.es/announcements.html]
[sp18.datastructur.es/materials/proj/proj2/proj2.html]
[sp18.datastructur.es/materials/hw/hw1/hw1.html]
[sp18.datastructur.es/resources-2.html]
[sp18.datastructur.es/materials/lectures/lec1/lec1.html]
[sp18.datastructur.es/materials/discussion/disc01.pdf]
[sp18.datastructur.es/materials/discussion/disc01sol.pdf]
[sp18.datastructur.es/materials/lab/lab1setup/lab1setup.html]
[sp18.datastructur.es/materials/lab/lab1/lab1.html]
[sp18.datastructur.es/materials/hw/hw0/hw0.html]
[sp18.datastructur.es/materials/lectures/lec2/lec2.html]
[sp18.datastructur.es/materials/lectures/lec3/lec3.html]
[sp18.datastructur.es/materials/discussion/disc02.pdf]
[sp18.datastructur.es/materials/discussion/disc02sol.pdf]
[sp18.datastructur.es/materials/discussion/examprep02.pdf]
[sp18.datastructur.es/materials/discussion/examprep02sol.pdf]
[sp18.datastructur.es/materials/lab/lab2setup/lab2setup.html]
[sp18.datastructur.es/materials/lab/lab2/lab2.html]
[sp18.datastructur.es/materials/proj/proj0/proj0.html]
[sp18.datastructur.es/materials/lectures/lec4/lec4.html]
[sp18.datastructur.es/materials/lectures/lec5/lec5.html]
[sp18.datastructur.es/materials/lectures/lec6/lec6.html]
[sp18.datastructur.es/materials/discussion/disc03.pdf]
[sp18.datastructur.es/materials/discussion/disc03sol.pdf]
[sp18.datastructur.es/materials/discussion/examprep03.pdf]
[sp18.datastructur.es/materials/discussion/examprep03sol.pdf]
[sp18.datastructur.es/materials/lab/lab3/lab3.html]
[sp18.datastructur.es/materials/proj/proj1a/proj1a.html]
[sp18.datastructur.es/materials/lectures/lec7/lec7.html]
[sp18.datastructur.es/materials/lectures/lec8/lec8.html]
[sp18.datastructur.es/materials/lectures/lec9/lec9.html]
[sp18.datastructur.es/materials/discussion/disc04.pdf]
[sp18.datastructur.es/materials/discussion/disc04sol.pdf]
[sp18.datastructur.es/materials/discussion/examprep04.pdf]
[sp18.datastructur.es/materials/discussion/examprep04sol.pdf]
[sp18.datastructur.es/materials/lab/lab4/lab4.html]
[sp18.datastructur.es/materials/proj/proj1b/proj1b.html]
[sp18.datastructur.es/materials/proj/proj1gold/proj1gold.html]
[sp18.datastructur.es/materials/lectures/lec10/lec10.html]
[sp18.datastructur.es/materials/lectures/lec11/lec11.html]
[sp18.datastructur.es/materials/discussion/disc05.pdf]
[sp18.datastructur.es/materials/discussion/disc05sol.pdf]
[sp18.datastructur.es/materials/discussion/examprep05.pdf]
[sp18.datastructur.es/materials/discussion/examprep05sol.pdf]
[sp18.datastructur.es/materials/lab/lab5/lab5.html]
[sp18.datastructur.es/materials/exam/cs61b-sp18-mt1.pdf]
[sp18.datastructur.es/materials/exam/cs61b-sp18-mt1-solutionv2.pdf]
[sp18.datastructur.es/materials/lectures/lec13/lec13.html]
[sp18.datastructur.es/materials/discussion/disc06.pdf]
[sp18.datastructur.es/materials/discussion/disc06sol.pdf]
[sp18.datastructur.es/materials/discussion/examprep06.pdf]
[sp18.datastructur.es/materials/discussion/examprep06sol.pdf]
[sp18.datastructur.es/materials/lab/lab6/lab6.html]
[sp18.datastructur.es/materials/lectures/lec17/lec17.html]
[sp18.datastructur.es/materials/discussion/disc07.pdf]
[sp18.datastructur.es/materials/discussion/disc07sol.pdf]
[sp18.datastructur.es/materials/discussion/examprep07.pdf]
[sp18.datastructur.es/materials/discussion/examprep07sol.pdf]
[sp18.datastructur.es/materials/lectures/lec18/lec18.html]
[sp18.datastructur.es/materials/lectures/lec19/lec19.html]
[sp18.datastructur.es/materials/lectures/lec20/lec20.html]
[sp18.datastructur.es/materials/discussion/disc08.pdf]
[sp18.datastructur.es/materials/discussion/disc08sol.pdf]
[sp18.datastructur.es/materials/discussion/examprep08.pdf]
[sp18.datastructur.es/materials/discussion/examprep08sol.pdf]
[sp18.datastructur.es/materials/lectures/lec21/lec21.html]
[sp18.datastructur.es/materials/hw/hw2/hw2.html]
[sp18.datastructur.es/materials/lectures/lec22/lec22.html]
[sp18.datastructur.es/materials/lectures/lec23/lec23.html]
[sp18.datastructur.es/materials/discussion/disc09.pdf]
[sp18.datastructur.es/materials/discussion/disc09sol.pdf]
[sp18.datastructur.es/materials/discussion/examprep09.pdf]
[sp18.datastructur.es/materials/discussion/examprep09sol.pdf]
[sp18.datastructur.es/materials/lab/lab9/lab9.html]
[sp18.datastructur.es/materials/lectures/lec24/lec24.html]
[sp18.datastructur.es/materials/lectures/lec25/lec25.html]
[sp18.datastructur.es/materials/hw/hw3/hw3.html]
[sp18.datastructur.es/materials/discussion/disc10.pdf]
[sp18.datastructur.es/materials/discussion/disc10sol.pdf]
[sp18.datastructur.es/materials/discussion/examprep10.pdf]
[sp18.datastructur.es/materials/discussion/examprep10sol.pdf]
[sp18.datastructur.es/materials/lab/lab10/lab10.html]
[sp18.datastructur.es/materials/lectures/lec27/lec27.html]
[sp18.datastructur.es/materials/exam/cs61b-sp18-mt2-solutionv1.pdf]
[sp18.datastructur.es/materials/lectures/lec28/lec28.html]
[sp18.datastructur.es/materials/hw/hw4/hw4.html]
[sp18.datastructur.es/materials/lectures/lec29/lec29.html]
[sp18.datastructur.es/materials/discussion/disc11.pdf]
[sp18.datastructur.es/materials/discussion/disc11sol.pdf]
[sp18.datastructur.es/materials/discussion/examprep11.pdf]
[sp18.datastructur.es/materials/discussion/examprep11sol.pdf]
[sp18.datastructur.es/materials/lab/lab11/lab11.html]
[sp18.datastructur.es/materials/lectures/lec30/lec30.html]
[sp18.datastructur.es/materials/lectures/lec31/lec31.html]
[sp18.datastructur.es/materials/proj/proj3/proj3.html]
[sp18.datastructur.es/materials/lectures/lec32/lec32.html]
[sp18.datastructur.es/materials/discussion/disc12.pdf]
[sp18.datastructur.es/materials/discussion/disc12sol.pdf]
[sp18.datastructur.es/materials/discussion/examprep12.pdf]
[sp18.datastructur.es/materials/discussion/examprep12sol.pdf]
[sp18.datastructur.es/materials/lab/lab12/lab12.html]
[sp18.datastructur.es/materials/lectures/lec33/lec33.html]
[sp18.datastructur.es/materials/lectures/lec34/lec34.html]
[sp18.datastructur.es/materials/lectures/lec35/lec35.html]
[sp18.datastructur.es/materials/discussion/disc13.pdf]
[sp18.datastructur.es/materials/discussion/disc13sol.pdf]
[sp18.datastructur.es/materials/discussion/examprep13.pdf]
[sp18.datastructur.es/materials/discussion/examprep13sol.pdf]
[sp18.datastructur.es/materials/lab/lab13/lab13.html]
[sp18.datastructur.es/materials/lectures/lec36/lec36.html]
[sp18.datastructur.es/materials/lectures/lec37/lec37.html]
[sp18.datastructur.es/materials/hw/hw5/hw5.html]
[sp18.datastructur.es/materials/lectures/lec38/lec38.html]
[sp18.datastructur.es/materials/lab/lab14/lab14.html]
[sp18.datastructur.es/materials/hw/hw6/hw6.html]
[assets-cdn.github.com/images/icons/emoji/unicode/1f171.png]
[sp18.datastructur.es/materials/hw/hw7/hw7.html]
[sp18.datastructur.es/materials/lab/lab15/lab15.html]
[sp18.datastructur.es/assets/js/calendar.js]
[sp18.datastructur.es/assets/js/gcal.js]
[sp18.datastructur.es/assets/js/announcements.js]
[sp18.datastructur.es/index.html]
[sp18.datastructur.es/assets/images/josh4.html]
[sp18.datastructur.es/assets/css/common.css]
[sp18.datastructur.es/assets/fonts/fontawesome-webfont3e6e.eot]
[sp18.datastructur.es/assets/fonts/fontawesome-webfontd41d.eot]
[sp18.datastructur.es/assets/fonts/fontawesome-webfont3e6e.woff2]
[sp18.datastructur.es/assets/fonts/fontawesome-webfont3e6e.woff]
[sp18.datastructur.es/assets/fonts/fontawesome-webfont3e6e.ttf]
[sp18.datastructur.es/assets/css/font-awesome.min.css]
[sp18.datastructur.es/assets/css/sunburst.css]
[sp18.datastructur.es/assets/css/index.css]
[sp18.datastructur.es/assets/css/fullcalendar.min.css]
[sp18.datastructur.es/assets/css/calendar.css]
[sp18.datastructur.es/assets/css/jquery.qtip.min.css]
[sp18.datastructur.es/index-2.html]
[sp18.datastructur.es/assets/fonts/fontawesome-webfont3e6e.svg]
[sp18.datastructur.es/assets/css/about.css]
[cdn.mathjax.org/mathjax/latest/MathJaxb198.js]
[sp18.datastructur.es/staff-2.html]
[sp18.datastructur.es/piazza.com/berkeley/spring2018/cs61b]
[sp18.datastructur.es/materials/lab/lab1b]
[sp18.datastructur.es/materials/guides/partnerships.html]
[sp18.datastructur.es/about.html]
[sp18.datastructur.es/materials/guides/incident-reports-2017.html]
[sp18.datastructur.es/assets/css/staff.css]
[sp18.datastructur.es/assets/img/staff/albert-hu1.jpg]
[sp18.datastructur.es/assets/img/staff/albert-hu2.jpg]
[sp18.datastructur.es/assets/img/staff/albert-hu3.jpg]
[sp18.datastructur.es/assets/img/staff/albert-hu4.jpg]
[sp18.datastructur.es/assets/img/staff/alex-kazorian1.jpg]
[sp18.datastructur.es/assets/img/staff/alex-kazorian2.jpg]
[sp18.datastructur.es/assets/img/staff/alex-kazorian3.jpg]
[sp18.datastructur.es/assets/img/staff/alex-krentsel1.jpg]
[sp18.datastructur.es/assets/img/staff/alex-krentsel2.jpg]
[sp18.datastructur.es/assets/img/staff/alex-krentsel3.jpg]
[sp18.datastructur.es/assets/img/staff/alex-krentsel4.jpg]
[sp18.datastructur.es/assets/img/staff/alexander-hwang1.jpg]
[sp18.datastructur.es/assets/img/staff/alexander-hwang2.jpg]
[sp18.datastructur.es/assets/img/staff/alexander-hwang3.jpg]
[sp18.datastructur.es/assets/img/staff/alexander-hwang4.jpg]
[sp18.datastructur.es/assets/img/staff/allen-guo1.jpg]
[sp18.datastructur.es/assets/img/staff/allen-guo2.jpg]
[sp18.datastructur.es/assets/img/staff/andy-zhang1.jpg]
[sp18.datastructur.es/assets/img/corgi.jpg]
[sp18.datastructur.es/assets/img/staff/annie-tang1.jpg]
[sp18.datastructur.es/assets/img/staff/annie-tang2.jpg]
[sp18.datastructur.es/assets/img/staff/antares-chen1.jpg]
[sp18.datastructur.es/assets/img/staff/antares-chen2.jpg]
[sp18.datastructur.es/assets/img/staff/ashley-chen1.jpg]
[sp18.datastructur.es/assets/img/staff/ashley-chen2.jpg]
[sp18.datastructur.es/assets/img/staff/ashley-chen3.jpg]
[sp18.datastructur.es/assets/img/staff/ashley-chien1.jpg]
[sp18.datastructur.es/assets/img/staff/betty-chang1.jpg]
[sp18.datastructur.es/assets/img/staff/betty-chang2.jpg]
[sp18.datastructur.es/assets/img/staff/brandon-lee1.jpg]
[sp18.datastructur.es/assets/img/staff/brandon-lee2.jpg]
[sp18.datastructur.es/assets/img/staff/brandon-lee4.jpg]
[sp18.datastructur.es/assets/img/staff/catherine-han1.jpg]
[sp18.datastructur.es/assets/img/staff/catherine-han2.jpg]
[sp18.datastructur.es/assets/img/staff/catherine-han3.jpg]
[sp18.datastructur.es/assets/img/staff/christine-zhou1.jpg]
[sp18.datastructur.es/assets/img/staff/christine-zhou2.jpg]
[sp18.datastructur.es/assets/img/staff/christine-zhou3.jpg]
[sp18.datastructur.es/assets/img/staff/christine-zhou4.jpg]
[sp18.datastructur.es/assets/img/staff/danny-chu1.jpg]
[sp18.datastructur.es/assets/img/staff/danny-chu2.jpg]
[sp18.datastructur.es/assets/img/staff/dorian-chan1.jpg]
[sp18.datastructur.es/assets/img/staff/eli-lipsitz1.jpg]
[sp18.datastructur.es/assets/img/staff/eli-lipsitz2.jpg]
[sp18.datastructur.es/assets/img/staff/eli-lipsitz3.jpg]
[sp18.datastructur.es/assets/img/staff/gi-gi-lu1.jpg]
[sp18.datastructur.es/assets/img/staff/gi-gi-lu2.jpg]
[sp18.datastructur.es/assets/img/staff/gi-gi-lu3.jpg]
[sp18.datastructur.es/assets/img/staff/jackson-leisure1.jpg]
[sp18.datastructur.es/assets/img/staff/jackson-leisure2.jpg]
[sp18.datastructur.es/assets/img/staff/jc-dy1.jpg]
[sp18.datastructur.es/assets/img/staff/jc-dy2.jpg]
[sp18.datastructur.es/assets/img/staff/jc-dy3.jpg]
[sp18.datastructur.es/assets/img/staff/jc-dy4.jpg]
[sp18.datastructur.es/assets/img/staff/jenny-huang1.jpg]
[sp18.datastructur.es/assets/img/staff/jenny-huang2.jpg]
[sp18.datastructur.es/assets/img/staff/jeremy-dong1.jpg]
[sp18.datastructur.es/assets/img/staff/jeremy-dong2.jpg]
[sp18.datastructur.es/assets/img/staff/jiana-huang1.jpg]
[sp18.datastructur.es/assets/img/staff/jiana-huang2.jpg]
[sp18.datastructur.es/assets/img/staff/jim-ren1.jpg]
[sp18.datastructur.es/assets/img/staff/jim-ren2.jpg]
[sp18.datastructur.es/assets/img/staff/jim-ren3.jpg]
[sp18.datastructur.es/assets/img/staff/jim-ren4.jpg]
[sp18.datastructur.es/assets/img/staff/josh-zeitsoff1.jpg]
[sp18.datastructur.es/assets/img/staff/josh-zeitsoff2.jpg]
[sp18.datastructur.es/assets/img/staff/josh-zeitsoff3.jpg]
[sp18.datastructur.es/assets/img/staff/josh-zeitsoff4.jpg]
[sp18.datastructur.es/assets/img/staff/justin-mi1.jpg]
[sp18.datastructur.es/assets/img/staff/justin-mi2.jpg]
[sp18.datastructur.es/assets/img/staff/justin-mi3.jpg]
[sp18.datastructur.es/assets/img/staff/karuna-wadhera1.jpg]
[sp18.datastructur.es/assets/img/staff/kelly-lin1.jpg]
[sp18.datastructur.es/assets/img/staff/kelly-lin2.jpg]
[sp18.datastructur.es/assets/img/staff/kelly-lin3.jpg]
[sp18.datastructur.es/assets/img/staff/kevin-arifin1.jpg]
[sp18.datastructur.es/assets/img/staff/kevin-chang1.jpg]
[sp18.datastructur.es/assets/img/staff/kevin-chang2.jpg]
[sp18.datastructur.es/assets/img/staff/kevin-chang3.jpg]
[sp18.datastructur.es/assets/img/staff/kevin-chang4.jpg]
[sp18.datastructur.es/assets/img/staff/kevin-lin1.jpg]
[sp18.datastructur.es/assets/img/staff/kevin-lin2.jpg]
[sp18.datastructur.es/assets/img/staff/kevin-lin3.jpg]
[sp18.datastructur.es/assets/img/staff/kevin-lowe1.jpg]
[sp18.datastructur.es/assets/img/staff/kevin-lowe2.jpg]
[sp18.datastructur.es/assets/img/staff/matt-owen1.jpg]
[sp18.datastructur.es/assets/img/staff/matt-owen2.gif]
[sp18.datastructur.es/assets/img/staff/matthew-sit1.jpg]
[sp18.datastructur.es/assets/img/staff/michael-ju1.jpg]
[sp18.datastructur.es/assets/img/staff/michael-ju2.jpg]
[sp18.datastructur.es/assets/img/staff/michael-ju3.jpg]
[sp18.datastructur.es/assets/img/staff/michelle-hwang1.jpg]
[sp18.datastructur.es/assets/img/staff/michelle-hwang2.jpg]
[sp18.datastructur.es/assets/img/staff/michelle-hwang3.jpg]
[sp18.datastructur.es/assets/img/staff/michelle-hwang4.jpg]
[sp18.datastructur.es/assets/img/staff/nicole-rasquinha1.jpg]
[sp18.datastructur.es/assets/img/staff/nicole-rasquinha2.jpg]
[sp18.datastructur.es/assets/img/staff/nicole-rasquinha3.jpg]
[sp18.datastructur.es/assets/img/staff/nicole-rasquinha4.jpg]
[sp18.datastructur.es/assets/img/staff/sam-zhou1.jpg]
[sp18.datastructur.es/assets/img/staff/sam-zhou2.jpg]
[sp18.datastructur.es/assets/img/staff/sam-zhou3.jpg]
[sp18.datastructur.es/assets/img/staff/sandy-zhang1.jpg]
[sp18.datastructur.es/assets/img/staff/sarah-sterman1.jpg]
[sp18.datastructur.es/assets/img/staff/sarah-sterman2.jpg]
[sp18.datastructur.es/assets/img/staff/shubham-gupta1.jpg]
[sp18.datastructur.es/assets/img/staff/shubham-gupta2.jpg]
[sp18.datastructur.es/assets/img/staff/ting-ding1.jpg]
[sp18.datastructur.es/assets/img/staff/ting-ding2.jpg]
[sp18.datastructur.es/assets/img/staff/ting-ding3.jpg]
[sp18.datastructur.es/assets/img/staff/ting-ding4.jpg]
[i.imgur.com/9xLwvaT.jpg]
[sp18.datastructur.es/assets/img/staff/vivian-fang1.jpg]
[sp18.datastructur.es/assets/img/staff/vivian-fang2.jpg]
[sp18.datastructur.es/assets/img/staff/vivian-fang3.jpg]
[sp18.datastructur.es/assets/img/staff/wayne-li1.jpg]
[sp18.datastructur.es/assets/img/staff/alan-ton1.jpg]
[sp18.datastructur.es/assets/img/staff/alan-ton2.jpg]
[sp18.datastructur.es/assets/img/staff/alison-tanubrata1.jpg]
[sp18.datastructur.es/assets/img/staff/anson-tsai1.jpg]
[sp18.datastructur.es/assets/img/staff/anson-tsai2.jpg]
[sp18.datastructur.es/assets/img/staff/anson-tsai3.jpg]
[sp18.datastructur.es/assets/img/staff/chris-sreesangkom1.jpg]
[sp18.datastructur.es/assets/img/staff/dee-guo1.jpg]
[sp18.datastructur.es/assets/img/staff/dee-guo2.jpg]
[sp18.datastructur.es/assets/img/staff/jennifer-liu1.jpg]
[sp18.datastructur.es/assets/img/staff/jennifer-liu2.jpg]
[sp18.datastructur.es/assets/img/staff/joe-deatrick1.jpg]
[sp18.datastructur.es/assets/img/staff/joe-deatrick2.jpg]
[sp18.datastructur.es/assets/img/staff/joe-deatrick3.jpg]
[sp18.datastructur.es/assets/img/staff/joe-deatrick4.jpg]
[sp18.datastructur.es/assets/img/staff/kyle-su1.jpg]
[sp18.datastructur.es/assets/img/staff/kyle-su2.jpg]
[sp18.datastructur.es/assets/img/staff/lauren-hong1.jpg]
[sp18.datastructur.es/assets/img/staff/lauren-hong2.jpg]
[sp18.datastructur.es/assets/img/staff/michael-lum1.jpg]
[sp18.datastructur.es/assets/img/staff/michael-lum2.jpg]
[sp18.datastructur.es/assets/img/staff/nishita-shetty1.jpg]
[sp18.datastructur.es/assets/img/staff/riley-woo1.jpg]
[sp18.datastructur.es/assets/img/staff/riley-woo2.jpg]
[sp18.datastructur.es/assets/img/staff/riley-woo3.jpg]
[sp18.datastructur.es/assets/img/staff/sebastian-song1.jpg]
[sp18.datastructur.es/assets/img/staff/sebastian-song2.jpg]
[sp18.datastructur.es/assets/img/staff/sebastian-song3.jpg]
[sp18.datastructur.es/assets/img/staff/sebastian-song4.jpg]
[sp18.datastructur.es/assets/img/staff/tapan-jasthi1.jpg]
[sp18.datastructur.es/assets/img/staff/tapan-jasthi2.jpg]
[sp18.datastructur.es/assets/img/staff/tapan-jasthi3.jpg]
[sp18.datastructur.es/assets/img/staff/tapan-jasthi4.jpg]
[sp18.datastructur.es/assets/img/staff/young-guo1.jpg]
[cdnjs.cloudflare.com/ajax/libs/vanilla-lazyload/8.6.0/lazyload.min.js]
[sp18.datastructur.es/assets/js/staff.js]
[sp18.datastructur.es/assets/js/staff-eli-special.js]
[sp18.datastructur.es/staff.html]
[sp18.datastructur.es/materials/review/MT1ReviewDocument.pdf]
[sp18.datastructur.es/materials/review/MT1ReviewDocumentSolution.pdf]
[sp18.datastructur.es/materials/review/MT1Guerrilla.pdf]
[sp18.datastructur.es/materials/review/MT1GuerrillaSolution.pdf]
[sp18.datastructur.es/materials/review/MT2ReviewDocument.pdf]
[sp18.datastructur.es/materials/review/MT2ReviewDocumentSolution.pdf]
[sp18.datastructur.es/materials/review/MT2Guerrilla.pdf]
[sp18.datastructur.es/materials/review/MT2GuerrillaSolution.pdf]
[sp18.datastructur.es/materials/review/FinalReviewDocument.pdf]
[sp18.datastructur.es/materials/review/FinalReviewDocumentSolution.pdf]
[sp18.datastructur.es/materials/review/FinalGuerrilla.pdf]
[sp18.datastructur.es/materials/review/FinalGuerrillaSolution.pdf]
[sp18.datastructur.es/materials/guides/study-guide.html]
[sp18.datastructur.es/materials/guides/style-guide.html]
[sp18.datastructur.es/materials/guides/style61b.txt]
[sp18.datastructur.es/materials/guides/intellij-wtfs.html]
[sp18.datastructur.es/materials/guides/instructional-accounts.html]
[sp18.datastructur.es/materials/guides/using-git.html]
[sp18.datastructur.es/resources.html]
[sp18.datastructur.es/materials/guides/git-wtfs.html]
[sp18.datastructur.es/announcements.html]
[sp18.datastructur.es/assets/css/lab.css]
[www.mobygames.com/images/shots/l/31358-zelda-ii-the-adventure-of-link-nes-screenshot-an-overhead-view.jpg]
[sp18.datastructur.es/materials/proj/proj2/img/brogue_textbased_example.png]
[sp18.datastructur.es/materials/proj/proj2/img/compliant_world_example.png]
[sp18.datastructur.es/materials/proj/proj2/img/mainmenu_example.png]
[sp18.datastructur.es/materials/proj/proj2/img/UI_example0.png]
[sp18.datastructur.es/materials/proj/proj2/img/UI_example1.png]
[sp18.datastructur.es/materials/proj/proj2/img/UI_example2.png]
[sp18.datastructur.es/materials/proj/proj2/proj2checkoff.html]
[sp18.datastructur.es/materials/proj/proj2/proj2.html]
[cdn.mathjax.org/mathjax/latest/MathJaxdda6.js]
[upload.wikimedia.org/wikipedia/commons/thumb/f/f7/Circular_buffer_-_empty.svg/500px-Circular_buffer_-_empty.svg.png]
[upload.wikimedia.org/wikipedia/commons/thumb/8/89/Circular_buffer_-_XX1XXXX.svg/500px-Circular_buffer_-_XX1XXXX.svg.png]
[upload.wikimedia.org/wikipedia/commons/thumb/d/d7/Circular_buffer_-_XX123XX.svg/500px-Circular_buffer_-_XX123XX.svg.png]
[upload.wikimedia.org/wikipedia/commons/thumb/1/11/Circular_buffer_-_XXXX3XX.svg/500px-Circular_buffer_-_XXXX3XX.svg.png]
[upload.wikimedia.org/wikipedia/commons/thumb/6/67/Circular_buffer_-_6789345.svg/500px-Circular_buffer_-_6789345.svg.png]
[sp18.datastructur.es/materials/hw/hw1/karplus-strong.png]
[sp18.datastructur.es/materials/hw/hw1/hw1.html]
[sp18.datastructur.es/resources-2.html]
[sp18.datastructur.es/materials/lectures/lec1/lec1.html]
[sp18.datastructur.es/materials/lab/lab1setup/windows.html]
[sp18.datastructur.es/materials/lab/lab1setup/mac.html]
[sp18.datastructur.es/materials/lab/lab1setup/linux.html]
[sp18.datastructur.es/materials/lab/lab1setup/img/hello_world.png]
[sp18.datastructur.es/materials/lab/lab1setup/lab1setup.html]
[sp18.datastructur.es/materials/lab/lab1setup/lab1setup-2.html]
[sp18.datastructur.es/materials/guides/partnerships-2.html]
[sp18.datastructur.es/materials/guides/using-git-2.html]
[sp18.datastructur.es/materials/lab/lab1/img/exercise-status.png]
[sp18.datastructur.es/materials/lab/lab1/img/exercise-log.png]
[sp18.datastructur.es/materials/guides/git-wtfs-2.html]
[sp18.datastructur.es/materials/lab/lab1/img/github_button.png]
[sp18.datastructur.es/materials/lab/lab1/img/github_repo_and_branch_selection.png]
[sp18.datastructur.es/materials/lab/lab1/lab1.html]
[sp18.datastructur.es/materials/hw/hw0/hw0_supplementary_conditionals.txt]
[sp18.datastructur.es/materials/hw/hw0/hw0_supplementary_loops.txt]
[sp18.datastructur.es/materials/hw/hw0/hw0_copy_and_paste.html]
[sp18.datastructur.es/materials/hw/hw0/hw0_supplementary_arrays.txt]
[sp18.datastructur.es/materials/hw/hw0/hw0.html]
[sp18.datastructur.es/materials/lectures/lec2/lec2.html]
[sp18.datastructur.es/materials/lectures/lec3/lec3.html]
[sp18.datastructur.es/materials/lab/lab2setup/img/plugin-configure.png]
[sp18.datastructur.es/materials/lab/lab2setup/img/plugin-install-1.png]
[sp18.datastructur.es/materials/lab/lab2setup/img/plugin-install-2.png]
[sp18.datastructur.es/materials/guides/plugin.html]
[sp18.datastructur.es/materials/lab/lab2setup/img/intellij_start_menu.png]
[sp18.datastructur.es/materials/lab/lab2setup/img/select_folder.png]
[sp18.datastructur.es/materials/lab/lab2setup/img/import_project1.png]
[sp18.datastructur.es/materials/lab/lab2setup/img/project_name.png]
[sp18.datastructur.es/materials/lab/lab2setup/img/import_sources.png]
[sp18.datastructur.es/materials/lab/lab2setup/img/import_lib.png]
[sp18.datastructur.es/materials/lab/lab2setup/img/module_config.png]
[sp18.datastructur.es/materials/lab/lab2setup/img/select_sdk.png]
[sp18.datastructur.es/materials/lab/lab2setup/img/add_jdk.png]
[sp18.datastructur.es/materials/lab/lab2setup/img/main_screen_when_done.png]
[sp18.datastructur.es/materials/lab/lab2setup/img/project_structure.png]
[sp18.datastructur.es/materials/lab/lab2setup/img/run_run.png]
[sp18.datastructur.es/materials/lab/lab2setup/img/run_dialog.png]
[sp18.datastructur.es/materials/lab/lab2setup/img/tests_passed.png]
[sp18.datastructur.es/materials/lab/lab2setup/hug_sunburst.jar]
[sp18.datastructur.es/materials/lab/lab2setup/img/intellij_preferences.png]
[sp18.datastructur.es/materials/lab/lab2setup/img/terminal_settings_window.png]
[sp18.datastructur.es/materials/lab/lab2setup/img/select_terminal.png]
[sp18.datastructur.es/materials/lab/lab2setup/img/terminal_test.png]
[sp18.datastructur.es/materials/lab/lab2setup/lab2setup.html]
[sp18.datastructur.es/materials/lab/lab2/img/1_after_import.png]
[sp18.datastructur.es/materials/lab/lab2/img/2_run_button.png]
[sp18.datastructur.es/materials/lab/lab2/img/3_debug_button.png]
[sp18.datastructur.es/materials/lab/lab2/img/step_into.png]
[sp18.datastructur.es/materials/lab/lab1/lab1-2.html]
[sp18.datastructur.es/materials/lab/lab2/lab2.html]
[sp18.datastructur.es/materials/proj/proj0/vim.png]
[sp18.datastructur.es/materials/proj/proj0/pairwiseforce.png]
[sp18.datastructur.es/materials/proj/proj0/netforce.png]
[sp18.datastructur.es/materials/proj/proj0/squirrelforce.png]
[sp18.datastructur.es/materials/proj/proj0/squirrelacc.png]
[sp18.datastructur.es/materials/proj/proj0/squirrelupdated.png]
[sp18.datastructur.es/materials/proj/proj0/constructor1.png]
[sp18.datastructur.es/materials/proj/proj0/constructor2.png]
[sp18.datastructur.es/materials/proj/proj0/constructor3.png]
[sp18.datastructur.es/materials/proj/proj0/constructor4.png]
[sp18.datastructur.es/materials/proj/proj0/constructor5.png]
[sp18.datastructur.es/materials/proj/proj0/constructor6.png]
[sp18.datastructur.es/materials/proj/proj0/proj0.html]
[sp18.datastructur.es/materials/lectures/lec4/lec4.html]
[sp18.datastructur.es/materials/lectures/lec5/lec5.html]
[sp18.datastructur.es/materials/lectures/lec6/lec6.html]
[sp18.datastructur.es/materials/lab/lab3supplement/lab3supplement.html]
[sp18.datastructur.es/materials/lab/lab3/img/lab3_run.png]
[sp18.datastructur.es/materials/lab/lab3/img/lab3_run_menu.png]
[sp18.datastructur.es/materials/lab/lab3/img/default_renderer.png]
[sp18.datastructur.es/materials/lab/lab3/img/jh61b_renderer.png]
[sp18.datastructur.es/materials/guides/style-guide-2.html]
[sp18.datastructur.es/materials/lab/lab3/lab3.html]
[sp18.datastructur.es/materials/proj/proj1a/proj1a.html]
[sp18.datastructur.es/materials/lectures/lec7/lec7.html]
[sp18.datastructur.es/materials/lectures/lec8/lec8.html]
[sp18.datastructur.es/materials/lectures/lec9/lec9.html]
[sp18.datastructur.es/materials/lab/lab4/knaveos.html]
[sp18.datastructur.es/materials/lab/lab4/img/library_setup.png]
[sp18.datastructur.es/materials/lab/lab4/lab4.html]
[sp18.datastructur.es/materials/proj/proj1b/proj1b.html]
[sp18.datastructur.es/materials/proj/proj1gold/proj1gold.html]
[sp18.datastructur.es/materials/lectures/lec10/lec10.html]
[sp18.datastructur.es/materials/lectures/lec11/lec11.html]
[sp18.datastructur.es/materials/proj/proj2/proj2-2.html]
[sp18.datastructur.es/materials/lab/lab5/img/intellij_import.png]
[sp18.datastructur.es/materials/lab/lab5/img/boringWorld.png]
[sp18.datastructur.es/materials/lab/lab5/img/randomWorld.png]
[sp18.datastructur.es/materials/lab/lab5/img/exampleWorld.png]
[sp18.datastructur.es/materials/lab/lab5/img/exampleWorldSideLength2.png]
[sp18.datastructur.es/materials/lab/lab5/img/exampleWorldSideLength4.png]
[sp18.datastructur.es/materials/lab/lab5/drawhexagon.txt]
[sp18.datastructur.es/materials/lab/lab5/lab5.html]
[sp18.datastructur.es/materials/lectures/lec13/lec13.html]
[sp18.datastructur.es/materials/lab/lab6/image.png]
[sp18.datastructur.es/materials/lab/lab6/lab6.html]
[sp18.datastructur.es/materials/lectures/lec17/lec17.html]
[sp18.datastructur.es/materials/lectures/lec18/lec18.html]
[sp18.datastructur.es/materials/lectures/lec19/lec19.html]
[sp18.datastructur.es/materials/lectures/lec20/_http_/algs4.cs.princeton.edu/15uf/WeightedQuickUnionPathCompressionUF.java.html]
[sp18.datastructur.es/materials/lectures/lec20/lec20.html]
[sp18.datastructur.es/materials/lectures/lec21/lec21.html]
[sp18.datastructur.es/materials/hw/hw2/images/percolates.png]
[sp18.datastructur.es/materials/hw/hw2/images/percolation-threshold20.png]
[sp18.datastructur.es/materials/hw/hw2/images/percolation-threshold100.png]
[sp18.datastructur.es/materials/hw/hw2/images/percolation-50.png]
[sp18.datastructur.es/materials/hw/hw2/images/percolation-100.png]
[sp18.datastructur.es/materials/hw/hw2/images/percolation-150.png]
[sp18.datastructur.es/materials/hw/hw2/images/percolation-204.png]
[sp18.datastructur.es/materials/hw/hw2/images/percolation-250.png]
[sp18.datastructur.es/materials/hw/hw2/images/percolation-backwash.png]
[sp18.datastructur.es/materials/hw/hw2/hw2.html]
[sp18.datastructur.es/materials/lectures/lec22/lec22.html]
[sp18.datastructur.es/materials/lectures/lec23/lec23.html]
[sp18.datastructur.es/materials/lab/lab9/lab9.html]
[sp18.datastructur.es/materials/lectures/lec24/lec24.html]
[sp18.datastructur.es/materials/lectures/lec25/lec25.html]
[sp18.datastructur.es/materials/hw/hw3/images/visualizer2.png]
[sp18.datastructur.es/materials/hw/hw3/hw3.html]
[sp18.datastructur.es/materials/lab/lab10/lab10.html]
[sp18.datastructur.es/materials/hw/hw3/images/visualizer.png]
[sp18.datastructur.es/materials/lectures/lec27/this xkcd]
[sp18.datastructur.es/materials/lectures/lec27/lec27.html]
[sp18.datastructur.es/materials/lectures/lec28/this xkcd]
[upload.wikimedia.org/wikipedia/commons/5/5c/Scc.png]
[sp18.datastructur.es/materials/lectures/lec28/lec28.html]
[sp18.datastructur.es/materials/hw/hw4/images/wordpuzzle-game-tree.png]
[sp18.datastructur.es/materials/hw/hw4/images/8puzzle-game-tree.png]
[sp18.datastructur.es/materials/hw/hw4/hw4.html]
[sp18.datastructur.es/materials/lectures/lec29/Fall 2013 final]
[sp18.datastructur.es/materials/lectures/lec29/lec29.html]
[sp18.datastructur.es/materials/lab/lab11/blankmaze.png]
[sp18.datastructur.es/materials/lab/lab11/mazeNumbering.png]
[sp18.datastructur.es/materials/lab/lab11/mazeNumberingByXY.png]
[sp18.datastructur.es/materials/lab/lab11/lab11.html]
[sp18.datastructur.es/materials/lectures/lec30/thisgraph for an example of one for which the MST is a SPT]
[sp18.datastructur.es/materials/lectures/lec30/Sharks and Minnows]
[sp18.datastructur.es/materials/lectures/lec30/lec30.html]
[sp18.datastructur.es/materials/lectures/lec31/lec31.html]
[sp18.datastructur.es/materials/proj/proj3/startup.png]
[sp18.datastructur.es/materials/proj/proj3/doc/package-summary.html]
[sp18.datastructur.es/materials/proj/proj3/tiny-graph.png]
[sp18.datastructur.es/materials/proj/proj3/js_console_network_tab.png]
[sp18.datastructur.es/materials/proj/proj3/js_console_console_tab.png]
[sp18.datastructur.es/materials/proj/proj3/rastering_example.png]
[sp18.datastructur.es/materials/proj/proj3/FileDisplayDemo.html]
[sp18.datastructur.es/materials/proj/proj3/doc/GraphDB.html]
[sp18.datastructur.es/materials/proj/proj3/doc/GraphBuildingHandler.html]
[sp18.datastructur.es/materials/proj/proj3/node_xml.jpg]
[sp18.datastructur.es/materials/proj/proj3/way_xml.jpg]
[sp18.datastructur.es/materials/proj/proj3/navigation.png]
[sp18.datastructur.es/materials/proj/proj3/autocomplete.png]
[sp18.datastructur.es/materials/proj/proj3/selection.png]
[sp18.datastructur.es/materials/proj/proj3/inspections.xml]
[sp18.datastructur.es/materials/proj/proj3/www.openstreetmap.org/copyright]
[sp18.datastructur.es/materials/proj/proj3/proj3.html]
[sp18.datastructur.es/materials/lectures/lec32/lec32.html]
[sp18.datastructur.es/materials/lab/lab12/lab12.html]
[sp18.datastructur.es/materials/lectures/lec33/lec33.html]
[sp18.datastructur.es/materials/lectures/lec34/lec34.html]
[sp18.datastructur.es/materials/lectures/lec35/lec35.html]
[sp18.datastructur.es/materials/lab/lab13/countsArray.jpg]
[sp18.datastructur.es/materials/lab/lab13/sortedArray.jpg]
[sp18.datastructur.es/materials/lab/lab13/startsArray.jpg]
[sp18.datastructur.es/materials/lab/lab13/doneArray.jpg]
[sp18.datastructur.es/materials/lab/lab13/lab13.html]
[sp18.datastructur.es/materials/lectures/lec36/lec36.html]
[sp18.datastructur.es/materials/lectures/lec37/lec37.html]
[sp18.datastructur.es/materials/hw/hw5/images/HJoceanSmall.png]
[sp18.datastructur.es/materials/hw/hw5/images/HJoceanSmall357x285.png]
[sp18.datastructur.es/materials/hw/hw5/images/HJoceanSmallEnergy.png]
[sp18.datastructur.es/materials/hw/hw5/images/seamCarvingDP.png]
[sp18.datastructur.es/materials/hw/hw5/images/seamCarvingPath.png]
[sp18.datastructur.es/materials/hw/hw5/hw5.html]
[sp18.datastructur.es/materials/lectures/lec38/lec38.html]
[sp18.datastructur.es/materials/lab/lab14/images/SineWaveVisualization.png]
[sp18.datastructur.es/materials/lab/lab14/images/SawToothVisualization.png]
[sp18.datastructur.es/materials/lab/lab14/images/AcceleratingSawToothVisualization.png]
[sp18.datastructur.es/materials/lab/lab14/images/StrangeBitwiseVisualization.png]
[sp18.datastructur.es/materials/lab/lab14/images/BazaarCreateUsername.png]
[sp18.datastructur.es/materials/lab/lab14/images/BazaarHome.png]
[sp18.datastructur.es/materials/lab/lab14/images/BazaarAssignment.png]
[sp18.datastructur.es/materials/lab/lab14/images/BazaarModal.png]
[sp18.datastructur.es/materials/lab/lab14/images/BazaarLinks.png]
[sp18.datastructur.es/materials/lab/lab14/images/BazaarSubmission1.png]
[sp18.datastructur.es/materials/lab/lab14/images/BazaarSubmission2.png]
[sp18.datastructur.es/materials/lab/lab14/images/BazaarSubmission3.png]
[sp18.datastructur.es/materials/lab/lab14/images/BazaarSubmission4.png]
[sp18.datastructur.es/materials/lab/lab14/images/BazaarSubmission5.png]
[sp18.datastructur.es/materials/lab/lab14/lab14.html]
[sp18.datastructur.es/materials/hw/hw6/hw6.html]
[sp18.datastructur.es/materials/hw/hw7/BinaryTrie.png]
[sp18.datastructur.es/materials/hw/hw7/hw7.html]
[sp18.datastructur.es/materials/lab/lab15/lab15.html]
[sp18.datastructur.es/assets/fonts/fontawesome-webfont3e6e.svg]
[sp18.datastructur.es/assets/css/about.css]
[sp18.datastructur.es/staff-2.html]
[sp18.datastructur.es/piazza.com/berkeley/spring2018/cs61b.html]
[sp18.datastructur.es/materials/lab/lab1b.html]
[sp18.datastructur.es/materials/guides/partnerships.html]
[sp18.datastructur.es/materials/guides/incident-reports-2017.html]
[sp18.datastructur.es/assets/css/staff.css]
[sp18.datastructur.es/assets/css/resources.css]
[sp18.datastructur.es/materials/guides/study-guide.html]
[sp18.datastructur.es/materials/guides/style-guide.html]
[sp18.datastructur.es/materials/guides/style61b.html]
[sp18.datastructur.es/materials/guides/img/intellij-import-error.png]
[sp18.datastructur.es/materials/lab/lab2setup/lab2setup-2.html]
[sp18.datastructur.es/materials/guides/img/intellij-missing-javalib.png]
[sp18.datastructur.es/materials/guides/intellij-wtfs.html]
[sp18.datastructur.es/materials/guides/instructional-accounts.html]
[sp18.datastructur.es/materials/guides/img/file-status.png]
[sp18.datastructur.es/materials/guides/img/graph1.svg]
[sp18.datastructur.es/materials/guides/img/graph2.svg]
[sp18.datastructur.es/materials/guides/img/graph3.svg]
[sp18.datastructur.es/materials/guides/img/graph4.svg]
[sp18.datastructur.es/materials/guides/img/Exercise2.2.png]
[sp18.datastructur.es/materials/guides/img/github-remote-url.png]
[sp18.datastructur.es/materials/guides/img/Exercise2.3.png]
[sp18.datastructur.es/materials/guides/img/Exercise2.4.png]
[sp18.datastructur.es/materials/guides/img/Exercise2.5.png]
[sp18.datastructur.es/materials/guides/img/Exercise2.6.png]
[sp18.datastructur.es/materials/guides/img/Exercise2.7.png]
[sp18.datastructur.es/materials/guides/img/Exercise2.8.png]
[sp18.datastructur.es/materials/guides/img/Exercise2.9.png]
[sp18.datastructur.es/materials/guides/using-git.html]
[sp18.datastructur.es/materials/guides/git-wtfs.html]
[sp18.datastructur.es/assets/css/lab.css]
[sp18.datastructur.es/materials/proj/proj2/proj2checkoff.html]
[sp18.datastructur.es/materials/lab/lab1setup/img/java_download.png]
[sp18.datastructur.es/materials/lab/lab1setup/img/java_agreement.png]
[sp18.datastructur.es/materials/lab/lab1setup/img/python_path.png]
[sp18.datastructur.es/materials/lab/lab1setup/img/git_download.png]
[sp18.datastructur.es/materials/lab/lab1setup/img/git_install1.png]
[sp18.datastructur.es/materials/lab/lab1setup/img/git_nano.png]
[sp18.datastructur.es/materials/lab/lab1setup/img/git_install2.png]
[sp18.datastructur.es/materials/lab/lab1setup/img/git_install3.png]
[sp18.datastructur.es/materials/lab/lab1setup/img/git_install4.png]
[sp18.datastructur.es/materials/lab/lab1setup/img/git_bash.png]
[sp18.datastructur.es/materials/lab/lab1setup/img/git_bash_javac_not_found.png]
[sp18.datastructur.es/materials/lab/lab1setup/img/git_bash_echo_path.png]
[sp18.datastructur.es/materials/lab/lab1setup/img/windows7_search.png]
[sp18.datastructur.es/materials/lab/lab1setup/img/windows8_search.png]
[sp18.datastructur.es/materials/lab/lab1setup/img/windows10_search.png]
[sp18.datastructur.es/materials/lab/lab1setup/img/sys_props.png]
[sp18.datastructur.es/materials/lab/lab1setup/img/new_var_windows.png]
[sp18.datastructur.es/materials/lab/lab1setup/img/java_home_windows.png]
[sp18.datastructur.es/materials/lab/lab1setup/img/windows10_edit_path.png]
[sp18.datastructur.es/materials/lab/lab1setup/img/windows10_after_adding_java_home.png]
[sp18.datastructur.es/materials/lab/lab1setup/windows.html]
[sp18.datastructur.es/materials/lab/lab1setup/img/homebrew_warnings.png]
[sp18.datastructur.es/materials/lab/lab1setup/mac.html]
[sp18.datastructur.es/materials/lab/lab1setup/windows-2.html]
[sp18.datastructur.es/materials/lab/lab1setup/linux.html]
[sp18.datastructur.es/materials/lab/lab1setup/lab1setup-2.html]
[sp18.datastructur.es/materials/guides/partnerships-2.html]
[sp18.datastructur.es/materials/guides/using-git-2.html]
[sp18.datastructur.es/materials/guides/git-wtfs-2.html]
[sp18.datastructur.es/materials/hw/hw0/hw0_copy_and_paste.html]
[sp18.datastructur.es/materials/guides/img/plugin-install-1.png]
[sp18.datastructur.es/materials/guides/img/plugin-install-2.png]
[sp18.datastructur.es/materials/guides/img/plugin-checkstyle-button.png]
[sp18.datastructur.es/materials/guides/img/plugin-checkstyle-results.png]
[sp18.datastructur.es/materials/guides/img/plugin-visualizer-button.png]
[sp18.datastructur.es/materials/guides/img/plugin-visualizer-inaction.png]
[sp18.datastructur.es/materials/guides/plugin.html]
[sp18.datastructur.es/materials/lab/lab1/lab1-2.html]
[sp18.datastructur.es/materials/lab/lab3supplement/img/start_menu.png]
[sp18.datastructur.es/materials/lab/lab3supplement/img/win7_control_panel.png]
[sp18.datastructur.es/materials/lab/lab3supplement/img/sys_props.png]
[sp18.datastructur.es/materials/lab/lab3supplement/img/env_vars.png]
[sp18.datastructur.es/materials/lab/lab3supplement/img/cs61b_lib.png]
[sp18.datastructur.es/materials/lab/lab3supplement/img/open_pico.png]
[sp18.datastructur.es/materials/lab/lab3supplement/lab3supplement.html]
[sp18.datastructur.es/materials/guides/style-guide-2.html]
[sp18.datastructur.es/materials/lab/lab4/knaveos.html]
[sp18.datastructur.es/materials/proj/proj2/proj2-2.html]
[sp18.datastructur.es/materials/lectures/lec20/_http_/algs4.cs.princeton.edu/15uf/WeightedQuickUnionPathCompressionUF.java.html]
[sp18.datastructur.es/materials/lectures/lec27/this xkcd.html]
[sp18.datastructur.es/materials/lectures/lec28/this xkcd.html]
[sp18.datastructur.es/materials/lectures/lec29/Fall 2013 final.html]
[sp18.datastructur.es/materials/lectures/lec30/thisgraph for an example of one for which the MST is a SPT.html]
[sp18.datastructur.es/materials/lectures/lec30/Sharks and Minnows.html]
[sp18.datastructur.es/materials/proj/proj3/doc/stylesheet.css]
[sp18.datastructur.es/materials/proj/proj3/doc/jquery/jquery-ui.css]
[sp18.datastructur.es/materials/proj/proj3/doc/script.js]
[sp18.datastructur.es/materials/proj/proj3/doc/jquery/jszip/dist/jszip.min.js]
[sp18.datastructur.es/materials/proj/proj3/doc/jquery/jszip-utils/dist/jszip-utils.min.js]
[sp18.datastructur.es/materials/proj/proj3/doc/jquery/jquery-1.10.2.js]
[sp18.datastructur.es/materials/proj/proj3/doc/jquery/jquery-ui.js]
[sp18.datastructur.es/materials/proj/proj3/doc/package-use.html]
[sp18.datastructur.es/materials/proj/proj3/doc/package-tree.html]
[sp18.datastructur.es/materials/proj/proj3/doc/index.html]
[sp18.datastructur.es/materials/proj/proj3/doc/deprecated-list.html]
[sp18.datastructur.es/materials/proj/proj3/doc/index-files/index-1.html]
[sp18.datastructur.es/materials/proj/proj3/doc/help-doc.html]
[sp18.datastructur.es/materials/proj/proj3/doc/index5f7a.html]
[sp18.datastructur.es/materials/proj/proj3/doc/allclasses-noframe.html]
[sp18.datastructur.es/materials/proj/proj3/doc/GraphDBLauncher.html]
[sp18.datastructur.es/materials/proj/proj3/doc/MapServer.html]
[sp18.datastructur.es/materials/proj/proj3/doc/Rasterer.html]
[sp18.datastructur.es/materials/proj/proj3/doc/Router.html]
[sp18.datastructur.es/materials/proj/proj3/doc/Router.NavigationDirection.html]
[sp18.datastructur.es/materials/proj/proj3/doc/package-summary.html]
[sp18.datastructur.es/materials/proj/proj3/root.png]
[sp18.datastructur.es/materials/proj/proj3/FileDisplayDemo.html]
[sp18.datastructur.es/materials/proj/proj3/doc/class-use/GraphDB.html]
[sp18.datastructur.es/materials/proj/proj3/doc/index7433.html]
[sp18.datastructur.es/materials/proj/proj3/doc/GraphDB.html]
[sp18.datastructur.es/materials/proj/proj3/doc/class-use/GraphBuildingHandler.html]
[sp18.datastructur.es/materials/proj/proj3/doc/indexa7ff.html]
[sp18.datastructur.es/materials/proj/proj3/doc/GraphBuildingHandler.html]
[sp18.datastructur.es/materials/proj/proj3/www.openstreetmap.org/copyright.html]
[sp18.datastructur.es/materials/lab/lab2setup/lab2setup-2.html]
[sp18.datastructur.es/materials/guides/img/graph1.svg]
[sp18.datastructur.es/materials/guides/img/graph2.svg]
[sp18.datastructur.es/materials/guides/img/graph3.svg]
[sp18.datastructur.es/materials/guides/img/graph4.svg]
[sp18.datastructur.es/materials/lab/lab1setup/windows-2.html]
[sp18.datastructur.es/materials/proj/proj3/doc/resources/fonts/dejavu.css]
[sp18.datastructur.es/materials/proj/proj3/doc/stylesheet.css]
[sp18.datastructur.es/materials/proj/proj3/doc/jquery/images/ui-bg_flat_75_ffffff_40x100.png]
[sp18.datastructur.es/materials/proj/proj3/doc/jquery/images/ui-bg_highlight-soft_75_cccccc_1x100.png]
[sp18.datastructur.es/materials/proj/proj3/doc/jquery/images/ui-bg_glass_75_e6e6e6_1x400.png]
[sp18.datastructur.es/materials/proj/proj3/doc/jquery/images/ui-bg_glass_75_dadada_1x400.png]
[sp18.datastructur.es/materials/proj/proj3/doc/jquery/images/ui-bg_glass_65_ffffff_1x400.png]
[sp18.datastructur.es/materials/proj/proj3/doc/jquery/images/ui-bg_glass_55_fbf9ee_1x400.png]
[sp18.datastructur.es/materials/proj/proj3/doc/jquery/images/ui-bg_glass_95_fef1ec_1x400.png]
[sp18.datastructur.es/materials/proj/proj3/doc/jquery/images/ui-icons_222222_256x240.png]
[sp18.datastructur.es/materials/proj/proj3/doc/jquery/images/ui-icons_888888_256x240.png]
[sp18.datastructur.es/materials/proj/proj3/doc/jquery/images/ui-icons_454545_256x240.png]
[sp18.datastructur.es/materials/proj/proj3/doc/jquery/images/ui-icons_2e83ff_256x240.png]
[sp18.datastructur.es/materials/proj/proj3/doc/jquery/images/ui-icons_cd0a0a_256x240.png]
[sp18.datastructur.es/materials/proj/proj3/doc/jquery/images/ui-bg_flat_0_aaaaaa_40x100.png]
[sp18.datastructur.es/materials/proj/proj3/doc/jquery/jquery-ui.css]
[sp18.datastructur.es/materials/proj/proj3/doc/allclasses-frame.html]
[sp18.datastructur.es/materials/proj/proj3/doc/index.html]
[sp18.datastructur.es/materials/proj/proj3/doc/index5c0c.html]
[sp18.datastructur.es/materials/proj/proj3/doc/class-use/Router.NavigationDirection.html]
[sp18.datastructur.es/materials/proj/proj3/doc/package-use.html]
[sp18.datastructur.es/materials/proj/proj3/doc/index50bb.html]
[sp18.datastructur.es/materials/proj/proj3/doc/package-tree.html]
[sp18.datastructur.es/materials/proj/proj3/doc/overview-tree.html]
[sp18.datastructur.es/materials/proj/proj3/doc/index94a5.html]
[sp18.datastructur.es/materials/proj/proj3/doc/deprecated-list.html]
[sp18.datastructur.es/materials/proj/proj3/doc/index-files/index-0.html]
[sp18.datastructur.es/materials/proj/proj3/doc/indexaa0d.html]
[sp18.datastructur.es/materials/proj/proj3/doc/index-files/index-2.html]
[sp18.datastructur.es/materials/proj/proj3/doc/index-files/index-3.html]
[sp18.datastructur.es/materials/proj/proj3/doc/index-files/index-4.html]
[sp18.datastructur.es/materials/proj/proj3/doc/index-files/index-5.html]
[sp18.datastructur.es/materials/proj/proj3/doc/index-files/index-6.html]
[sp18.datastructur.es/materials/proj/proj3/doc/index-files/index-7.html]
[sp18.datastructur.es/materials/proj/proj3/doc/index-files/index-8.html]
[sp18.datastructur.es/materials/proj/proj3/doc/index-files/index-9.html]
[sp18.datastructur.es/materials/proj/proj3/doc/index-files/index-10.html]
[sp18.datastructur.es/materials/proj/proj3/doc/index-files/index-11.html]
[sp18.datastructur.es/materials/proj/proj3/doc/index-files/index-12.html]
[sp18.datastructur.es/materials/proj/proj3/doc/index-files/index-13.html]
[sp18.datastructur.es/materials/proj/proj3/doc/index-files/index-14.html]
[sp18.datastructur.es/materials/proj/proj3/doc/index-files/index-15.html]
[sp18.datastructur.es/materials/proj/proj3/doc/index-files/index-16.html]
[sp18.datastructur.es/materials/proj/proj3/doc/index-files/index-17.html]
[sp18.datastructur.es/materials/proj/proj3/doc/index-files/index-18.html]
[sp18.datastructur.es/materials/proj/proj3/doc/index-files/index-1.html]
[sp18.datastructur.es/materials/proj/proj3/doc/indexb46a.html]
[sp18.datastructur.es/materials/proj/proj3/doc/constant-values.html]
[sp18.datastructur.es/materials/proj/proj3/doc/help-doc.html]
[sp18.datastructur.es/materials/proj/proj3/doc/index5f7a.html]
[sp18.datastructur.es/materials/proj/proj3/doc/allclasses-noframe.html]
[sp18.datastructur.es/materials/proj/proj3/doc/class-use/GraphDBLauncher.html]
[sp18.datastructur.es/materials/proj/proj3/doc/index7739.html]
[sp18.datastructur.es/materials/proj/proj3/doc/GraphDBLauncher.html]
[sp18.datastructur.es/materials/proj/proj3/doc/class-use/MapServer.html]
[sp18.datastructur.es/materials/proj/proj3/doc/index4fce.html]
[sp18.datastructur.es/materials/proj/proj3/doc/MapServer.html]
[sp18.datastructur.es/materials/proj/proj3/doc/class-use/Rasterer.html]
[sp18.datastructur.es/materials/proj/proj3/doc/index8ad4.html]
[sp18.datastructur.es/materials/proj/proj3/doc/Rasterer.html]
[sp18.datastructur.es/materials/proj/proj3/doc/class-use/Router.html]
[sp18.datastructur.es/materials/proj/proj3/doc/index126c.html]
[sp18.datastructur.es/materials/proj/proj3/doc/Router.html]
[sp18.datastructur.es/materials/proj/proj3/doc/indexb792.html]
[sp18.datastructur.es/materials/proj/proj3/doc/Router.NavigationDirection.html]
[sp18.datastructur.es/materials/proj/proj3/root.html]
[sp18.datastructur.es/materials/proj/proj3/doc/index7d21.html]
[sp18.datastructur.es/materials/proj/proj3/doc/class-use/GraphDB.html]
[sp18.datastructur.es/materials/proj/proj3/doc/index7433.html]
[sp18.datastructur.es/materials/proj/proj3/doc/indexb588.html]
[sp18.datastructur.es/materials/proj/proj3/doc/class-use/GraphBuildingHandler.html]
[sp18.datastructur.es/materials/proj/proj3/doc/indexa7ff.html]
[sp18.datastructur.es/materials/proj/proj3/doc/resources/fonts/dejavu.html]
[sp18.datastructur.es/materials/proj/proj3/doc/allclasses-frame.html]
[sp18.datastructur.es/materials/proj/proj3/doc/index5c0c.html]
[sp18.datastructur.es/materials/proj/proj3/doc/indexcb42.html]
[sp18.datastructur.es/materials/proj/proj3/doc/class-use/Router.NavigationDirection.html]
[sp18.datastructur.es/materials/proj/proj3/doc/index50bb.html]
[sp18.datastructur.es/materials/proj/proj3/doc/indexcaf2.html]
[sp18.datastructur.es/materials/proj/proj3/doc/overview-tree.html]
[sp18.datastructur.es/materials/proj/proj3/doc/index94a5.html]
[sp18.datastructur.es/materials/proj/proj3/doc/index-files/index-0.html]
[sp18.datastructur.es/materials/proj/proj3/doc/indexaa0d.html]
[sp18.datastructur.es/materials/proj/proj3/doc/index7d77.html]
[sp18.datastructur.es/materials/proj/proj3/doc/index-files/index-2.html]
[sp18.datastructur.es/materials/proj/proj3/doc/index060d.html]
[sp18.datastructur.es/materials/proj/proj3/doc/index-files/index-3.html]
[sp18.datastructur.es/materials/proj/proj3/doc/index91f9.html]
[sp18.datastructur.es/materials/proj/proj3/doc/index-files/index-4.html]
[sp18.datastructur.es/materials/proj/proj3/doc/index7cff.html]
[sp18.datastructur.es/materials/proj/proj3/doc/index-files/index-5.html]
[sp18.datastructur.es/materials/proj/proj3/doc/index8f41.html]
[sp18.datastructur.es/materials/proj/proj3/doc/index-files/index-6.html]
[sp18.datastructur.es/materials/proj/proj3/doc/index45e6.html]
[sp18.datastructur.es/materials/proj/proj3/doc/index-files/index-7.html]
[sp18.datastructur.es/materials/proj/proj3/doc/index775c.html]
[sp18.datastructur.es/materials/proj/proj3/doc/index-files/index-8.html]
[sp18.datastructur.es/materials/proj/proj3/doc/index237a.html]
[sp18.datastructur.es/materials/proj/proj3/doc/index-files/index-9.html]
[sp18.datastructur.es/materials/proj/proj3/doc/index3f66.html]
[sp18.datastructur.es/materials/proj/proj3/doc/index-files/index-10.html]
[sp18.datastructur.es/materials/proj/proj3/doc/indexa5df.html]
[sp18.datastructur.es/materials/proj/proj3/doc/index-files/index-11.html]
[sp18.datastructur.es/materials/proj/proj3/doc/indexc91a.html]
[sp18.datastructur.es/materials/proj/proj3/doc/index-files/index-12.html]
[sp18.datastructur.es/materials/proj/proj3/doc/index91c0.html]
[sp18.datastructur.es/materials/proj/proj3/doc/index-files/index-13.html]
[sp18.datastructur.es/materials/proj/proj3/doc/indexe667.html]
[sp18.datastructur.es/materials/proj/proj3/doc/index-files/index-14.html]
[sp18.datastructur.es/materials/proj/proj3/doc/indexa15c.html]
[sp18.datastructur.es/materials/proj/proj3/doc/index-files/index-15.html]
[sp18.datastructur.es/materials/proj/proj3/doc/index4caf.html]
[sp18.datastructur.es/materials/proj/proj3/doc/index-files/index-16.html]
[sp18.datastructur.es/materials/proj/proj3/doc/indexb54f.html]
[sp18.datastructur.es/materials/proj/proj3/doc/index-files/index-17.html]
[sp18.datastructur.es/materials/proj/proj3/doc/indexcfc7.html]
[sp18.datastructur.es/materials/proj/proj3/doc/index-files/index-18.html]
[sp18.datastructur.es/materials/proj/proj3/doc/indexb46a.html]
[sp18.datastructur.es/materials/proj/proj3/doc/indexd866.html]
[sp18.datastructur.es/materials/proj/proj3/doc/constant-values.html]
[sp18.datastructur.es/materials/proj/proj3/doc/index46bf.html]
[sp18.datastructur.es/materials/proj/proj3/doc/class-use/GraphDBLauncher.html]
[sp18.datastructur.es/materials/proj/proj3/doc/index7739.html]
[sp18.datastructur.es/materials/proj/proj3/doc/index92c2.html]
[sp18.datastructur.es/materials/proj/proj3/doc/class-use/MapServer.html]
[sp18.datastructur.es/materials/proj/proj3/doc/index4fce.html]
[sp18.datastructur.es/materials/proj/proj3/doc/indexe3d6.html]
[sp18.datastructur.es/materials/proj/proj3/doc/class-use/Rasterer.html]
[sp18.datastructur.es/materials/proj/proj3/doc/index8ad4.html]
[sp18.datastructur.es/materials/proj/proj3/doc/index3e73.html]
[sp18.datastructur.es/materials/proj/proj3/doc/class-use/Router.html]
[sp18.datastructur.es/materials/proj/proj3/doc/index126c.html]
[sp18.datastructur.es/materials/proj/proj3/doc/indexb792.html]
[sp18.datastructur.es/materials/proj/proj3/doc/index7d21.html]
[sp18.datastructur.es/materials/proj/proj3/doc/indexb588.html]
[sp18.datastructur.es/materials/proj/proj3/doc/indexcb42.html]
[sp18.datastructur.es/materials/proj/proj3/doc/indexcaf2.html]
[sp18.datastructur.es/materials/proj/proj3/doc/index7d77.html]
[sp18.datastructur.es/materials/proj/proj3/doc/index060d.html]
[sp18.datastructur.es/materials/proj/proj3/doc/index91f9.html]
[sp18.datastructur.es/materials/proj/proj3/doc/index7cff.html]
[sp18.datastructur.es/materials/proj/proj3/doc/index8f41.html]
[sp18.datastructur.es/materials/proj/proj3/doc/index45e6.html]
[sp18.datastructur.es/materials/proj/proj3/doc/index775c.html]
[sp18.datastructur.es/materials/proj/proj3/doc/index237a.html]
[sp18.datastructur.es/materials/proj/proj3/doc/index3f66.html]
[sp18.datastructur.es/materials/proj/proj3/doc/indexa5df.html]
[sp18.datastructur.es/materials/proj/proj3/doc/indexc91a.html]
[sp18.datastructur.es/materials/proj/proj3/doc/index91c0.html]
[sp18.datastructur.es/materials/proj/proj3/doc/indexe667.html]
[sp18.datastructur.es/materials/proj/proj3/doc/indexa15c.html]
[sp18.datastructur.es/materials/proj/proj3/doc/index4caf.html]
[sp18.datastructur.es/materials/proj/proj3/doc/indexb54f.html]
[sp18.datastructur.es/materials/proj/proj3/doc/indexcfc7.html]
[sp18.datastructur.es/materials/proj/proj3/doc/indexd866.html]
[sp18.datastructur.es/materials/proj/proj3/doc/index46bf.html]
[sp18.datastructur.es/materials/proj/proj3/doc/index92c2.html]
[sp18.datastructur.es/materials/proj/proj3/doc/indexe3d6.html]
[sp18.datastructur.es/materials/proj/proj3/doc/index3e73.html]
